TN:
SF:src\App.jsx
FN:6,App
FN:21,(anonymous_1)
FN:21,(anonymous_2)
FNF:3
FNH:0
FNDA:0,App
FNDA:0,(anonymous_1)
FNDA:0,(anonymous_2)
DA:7,0
DA:9,0
DA:21,0
LF:3
LH:0
BRF:0
BRH:0
end_of_record
TN:
SF:src\main.jsx
FNF:0
FNH:0
DA:6,0
LF:1
LH:0
BRF:0
BRH:0
end_of_record
TN:
SF:src\components\UserProfile.jsx
FN:2,(anonymous_0)
FN:6,(anonymous_1)
FN:7,(anonymous_2)
FNF:3
FNH:3
FNDA:7,(anonymous_0)
FNDA:4,(anonymous_1)
FNDA:4,(anonymous_2)
DA:2,1
DA:3,7
DA:4,7
DA:6,7
DA:7,4
DA:8,4
DA:9,4
DA:10,3
DA:11,1
DA:13,1
DA:14,1
DA:16,3
DA:19,4
DA:23,7
DA:24,2
DA:27,5
DA:28,4
DA:31,1
LF:18
LH:18
BRDA:10,0,0,1
BRDA:10,0,1,1
BRDA:23,1,0,2
BRDA:23,1,1,5
BRDA:27,2,0,4
BRDA:27,2,1,1
BRF:6
BRH:6
end_of_record
